..\bin\face_tracker.pdb
E:\LABORATORY\EHSAN-HCI-ASSIGNMENT\FACETRACKER\BIN\FACE_TRACKER.EXE
E:\LABORATORY\EHSAN-HCI-ASSIGNMENT\FACETRACKER\BIN\FACE_TRACKER.PDB
E:\LABORATORY\EHSAN-HCI-ASSIGNMENT\FACETRACKER\BIN\TRACKER.LIB
E:\Laboratory\Ehsan-HCI-Assignment\FaceTracker\msvc\..\bin\face_tracker.exe
E:\Laboratory\Ehsan-HCI-Assignment\FaceTracker\Temp\cl.command.1.tlog
E:\Laboratory\Ehsan-HCI-Assignment\FaceTracker\Temp\CL.read.1.tlog
E:\Laboratory\Ehsan-HCI-Assignment\FaceTracker\Temp\CL.write.1.tlog
E:\LABORATORY\EHSAN-HCI-ASSIGNMENT\FACETRACKER\TEMP\CLM.OBJ
E:\LABORATORY\EHSAN-HCI-ASSIGNMENT\FACETRACKER\TEMP\FACE_TRACKER.EXE.INTERMEDIATE.MANIFEST
E:\LABORATORY\EHSAN-HCI-ASSIGNMENT\FACETRACKER\TEMP\FACE_TRACKER.OBJ
E:\Laboratory\Ehsan-HCI-Assignment\FaceTracker\Temp\face_tracker.vcxprojResolveAssemblyReference.cache
E:\Laboratory\Ehsan-HCI-Assignment\FaceTracker\Temp\face_tracker.write.1.tlog
E:\LABORATORY\EHSAN-HCI-ASSIGNMENT\FACETRACKER\TEMP\FCHECK.OBJ
E:\LABORATORY\EHSAN-HCI-ASSIGNMENT\FACETRACKER\TEMP\FDET.OBJ
E:\LABORATORY\EHSAN-HCI-ASSIGNMENT\FACETRACKER\TEMP\IO.OBJ
E:\Laboratory\Ehsan-HCI-Assignment\FaceTracker\Temp\lib.command.1.tlog
E:\Laboratory\Ehsan-HCI-Assignment\FaceTracker\Temp\Lib-link.read.1.tlog
E:\Laboratory\Ehsan-HCI-Assignment\FaceTracker\Temp\Lib-link.write.1.tlog
E:\Laboratory\Ehsan-HCI-Assignment\FaceTracker\Temp\link.command.1.tlog
E:\Laboratory\Ehsan-HCI-Assignment\FaceTracker\Temp\link.read.1.tlog
E:\Laboratory\Ehsan-HCI-Assignment\FaceTracker\Temp\link.write.1.tlog
E:\Laboratory\Ehsan-HCI-Assignment\FaceTracker\Temp\mt.command.1.tlog
E:\Laboratory\Ehsan-HCI-Assignment\FaceTracker\Temp\mt.read.1.tlog
E:\Laboratory\Ehsan-HCI-Assignment\FaceTracker\Temp\mt.write.1.tlog
E:\LABORATORY\EHSAN-HCI-ASSIGNMENT\FACETRACKER\TEMP\PATCH.OBJ
E:\LABORATORY\EHSAN-HCI-ASSIGNMENT\FACETRACKER\TEMP\PAW.OBJ
E:\LABORATORY\EHSAN-HCI-ASSIGNMENT\FACETRACKER\TEMP\PDM.OBJ
E:\LABORATORY\EHSAN-HCI-ASSIGNMENT\FACETRACKER\TEMP\TRACKER.OBJ
E:\Laboratory\Ehsan-HCI-Assignment\FaceTracker\Temp\Tracker.write.1.tlog
E:\LABORATORY\EHSAN-HCI-ASSIGNMENT\FACETRACKER\TEMP\VC100.PDB
