C:\Program Files (x86)\Microsoft Visual Studio\2017\Community\Common7\IDE\VC\VCTargets\Microsoft.CppBuild.targets(391,5): warning MSB8028: The intermediate directory (..\Temp\) contains files shared from another project (Tracker.vcxproj).  This can lead to incorrect clean and rebuild behavior.
  face_tracker.cc
c:\users\droma\downloads\facetracker\facetracker\src\exe\face_tracker.cc(61): warning C4244: 'argument': conversion from '_Tp' to '_Tp', possible loss of data
          with
          [
              _Tp=double
          ]
          and
          [
              _Tp=int
          ]
c:\users\droma\downloads\facetracker\facetracker\src\exe\face_tracker.cc(60): warning C4244: 'argument': conversion from '_Tp' to '_Tp', possible loss of data
          with
          [
              _Tp=double
          ]
          and
          [
              _Tp=int
          ]
c:\users\droma\downloads\facetracker\facetracker\src\exe\face_tracker.cc(63): warning C4244: 'argument': conversion from '_Tp' to '_Tp', possible loss of data
          with
          [
              _Tp=double
          ]
          and
          [
              _Tp=int
          ]
c:\users\droma\downloads\facetracker\facetracker\src\exe\face_tracker.cc(62): warning C4244: 'argument': conversion from '_Tp' to '_Tp', possible loss of data
          with
          [
              _Tp=double
          ]
          and
          [
              _Tp=int
          ]
c:\users\droma\downloads\facetracker\facetracker\src\exe\face_tracker.cc(66): warning C4244: 'argument': conversion from '_Tp' to '_Tp', possible loss of data
          with
          [
              _Tp=double
          ]
          and
          [
              _Tp=int
          ]
c:\users\droma\downloads\facetracker\facetracker\src\exe\face_tracker.cc(65): warning C4244: 'argument': conversion from '_Tp' to '_Tp', possible loss of data
          with
          [
              _Tp=double
          ]
          and
          [
              _Tp=int
          ]
c:\users\droma\downloads\facetracker\facetracker\src\exe\face_tracker.cc(68): warning C4244: 'argument': conversion from '_Tp' to '_Tp', possible loss of data
          with
          [
              _Tp=double
          ]
          and
          [
              _Tp=int
          ]
c:\users\droma\downloads\facetracker\facetracker\src\exe\face_tracker.cc(67): warning C4244: 'argument': conversion from '_Tp' to '_Tp', possible loss of data
          with
          [
              _Tp=double
          ]
          and
          [
              _Tp=int
          ]
c:\users\droma\downloads\facetracker\facetracker\src\exe\face_tracker.cc(71): warning C4244: 'argument': conversion from '_Tp' to '_Tp', possible loss of data
          with
          [
              _Tp=double
          ]
          and
          [
              _Tp=int
          ]
c:\users\droma\downloads\facetracker\facetracker\src\exe\face_tracker.cc(70): warning C4244: 'argument': conversion from '_Tp' to '_Tp', possible loss of data
          with
          [
              _Tp=double
          ]
          and
          [
              _Tp=int
          ]
c:\users\droma\downloads\facetracker\facetracker\src\exe\face_tracker.cc(73): warning C4244: 'argument': conversion from '_Tp' to '_Tp', possible loss of data
          with
          [
              _Tp=double
          ]
          and
          [
              _Tp=int
          ]
c:\users\droma\downloads\facetracker\facetracker\src\exe\face_tracker.cc(72): warning C4244: 'argument': conversion from '_Tp' to '_Tp', possible loss of data
          with
          [
              _Tp=double
          ]
          and
          [
              _Tp=int
          ]
c:\users\droma\downloads\facetracker\facetracker\src\exe\face_tracker.cc(82): warning C4244: 'argument': conversion from '_Tp' to '_Tp', possible loss of data
          with
          [
              _Tp=double
          ]
          and
          [
              _Tp=int
          ]
c:\users\droma\downloads\facetracker\facetracker\src\exe\face_tracker.cc(81): warning C4244: 'argument': conversion from '_Tp' to '_Tp', possible loss of data
          with
          [
              _Tp=double
          ]
          and
          [
              _Tp=int
          ]
c:\users\droma\downloads\facetracker\facetracker\src\exe\face_tracker.cc(84): warning C4244: 'argument': conversion from '_Tp' to '_Tp', possible loss of data
          with
          [
              _Tp=double
          ]
          and
          [
              _Tp=int
          ]
c:\users\droma\downloads\facetracker\facetracker\src\exe\face_tracker.cc(83): warning C4244: 'argument': conversion from '_Tp' to '_Tp', possible loss of data
          with
          [
              _Tp=double
          ]
          and
          [
              _Tp=int
          ]
c:\users\droma\downloads\facetracker\facetracker\src\exe\face_tracker.cc(90): warning C4244: 'argument': conversion from '_Tp' to '_Tp', possible loss of data
          with
          [
              _Tp=double
          ]
          and
          [
              _Tp=int
          ]
c:\users\droma\downloads\facetracker\facetracker\src\exe\face_tracker.cc(173): warning C4244: 'return': conversion from 'double' to 'float', possible loss of data
c:\users\droma\downloads\facetracker\facetracker\src\exe\face_tracker.cc(211): warning C4305: 'initializing': truncation from 'double' to 'float'
c:\users\droma\downloads\facetracker\facetracker\src\exe\face_tracker.cc(238): warning C4244: 'argument': conversion from 'double' to '_Tp', possible loss of data
          with
          [
              _Tp=int
          ]
c:\users\droma\downloads\facetracker\facetracker\src\exe\face_tracker.cc(271): warning C4244: '=': conversion from 'double' to 'float', possible loss of data
c:\users\droma\downloads\facetracker\facetracker\src\exe\face_tracker.cc(290): warning C4244: '=': conversion from 'double' to 'float', possible loss of data
c:\users\droma\downloads\facetracker\facetracker\src\exe\face_tracker.cc(309): warning C4244: '=': conversion from 'double' to 'float', possible loss of data
c:\users\droma\downloads\facetracker\facetracker\src\exe\face_tracker.cc(324): warning C4101: 'i': unreferenced local variable
  Generating code
  1 of 834 functions ( 0.1%) were compiled, the rest were copied from previous compilation.
    0 functions were new in current compilation
    0 functions had inline decision re-evaluated but remain unchanged
  Finished generating code
  face_tracker.vcxproj -> C:\Users\droma\Downloads\FaceTracker\FaceTracker\msvc\..\bin\face_tracker.exe
